[2m2025-02-05T12:04:56.335642Z[0m [34mDEBUG[0m tokio-runtime-worker ThreadId(13) [2msequencer/src/event_listener.rs[0m[2m:[0m[2m74:[0m Received event on chain 59141 for market 0x8ef9d2057fed09fd18cbf393d789c6507cd3e875
[2m2025-02-05T12:04:56.335795Z[0m [34mDEBUG[0m tokio-runtime-worker ThreadId(13) [2msequencer/src/event_processor.rs[0m[2m:[0m[2m77:[0m Processing event from chain 59141 for market 0x8ef9d2057fed09fd18cbf393d789c6507cd3e875
[2m2025-02-05T12:04:56.335888Z[0m [34mDEBUG[0m tokio-runtime-worker ThreadId(13) [2msequencer/src/event_processor.rs[0m[2m:[0m[2m153:[0m Processing event with tx_hash: 7875dc8437cb9b34ee4c02a5a57b79c7c623b8858cd4340da68dcd829b1e0643
[2m2025-02-05T12:04:56.335944Z[0m [32m INFO[0m tokio-runtime-worker ThreadId(13) [2msequencer/src/event_processor.rs[0m[2m:[0m[2m92:[0m Processed host withdraw: sender=0x2693946791da99da78ac441aba6d5ce2bccd96d3 dst_chain=11155420 amount=10000 market=0x8ef9d2057fed09fd18cbf393d789c6507cd3e875
[2m2025-02-05T12:04:56.335991Z[0m [32m INFO[0m tokio-runtime-worker ThreadId(13) [2msequencer/src/event_processor.rs[0m[2m:[0m[2m111:[0m Attempting to send processed event to proof generator: type=HostWithdraw
[2m2025-02-05T12:04:56.336024Z[0m [32m INFO[0m tokio-runtime-worker ThreadId(13) [2msequencer/src/event_processor.rs[0m[2m:[0m[2m123:[0m Successfully sent event to proof generator
[2m2025-02-05T12:04:56.336080Z[0m [32m INFO[0m tokio-runtime-worker ThreadId(13) [2msequencer/src/proof_generator.rs[0m[2m:[0m[2m66:[0m Queued event for batch processing: type=HostWithdraw
[2m2025-02-05T12:05:00.923995Z[0m [34mDEBUG[0m tokio-runtime-worker ThreadId(08) [2msequencer/src/event_listener.rs[0m[2m:[0m[2m74:[0m Received event on chain 11155420 for market 0x8ef9d2057fed09fd18cbf393d789c6507cd3e875
[2m2025-02-05T12:05:00.924307Z[0m [34mDEBUG[0m tokio-runtime-worker ThreadId(08) [2msequencer/src/event_processor.rs[0m[2m:[0m[2m77:[0m Processing event from chain 11155420 for market 0x8ef9d2057fed09fd18cbf393d789c6507cd3e875
[2m2025-02-05T12:05:00.924632Z[0m [34mDEBUG[0m tokio-runtime-worker ThreadId(08) [2msequencer/src/event_processor.rs[0m[2m:[0m[2m153:[0m Processing event with tx_hash: c5fcf6ccc4705bab1963011c18c8905d0b493d5470eb88e1fd765900adaa0229
[2m2025-02-05T12:05:00.924870Z[0m [32m INFO[0m tokio-runtime-worker ThreadId(08) [2msequencer/src/event_processor.rs[0m[2m:[0m[2m104:[0m Processed extension supply: from=0x2693946791da99da78ac441aba6d5ce2bccd96d3 amount=100000 src_chain=11155420 dst_chain=59141 market=0x8ef9d2057fed09fd18cbf393d789c6507cd3e875 method=9d9339b3
[2m2025-02-05T12:05:00.925013Z[0m [32m INFO[0m tokio-runtime-worker ThreadId(08) [2msequencer/src/event_processor.rs[0m[2m:[0m[2m111:[0m Attempting to send processed event to proof generator: type=ExtensionSupply
[2m2025-02-05T12:05:00.925088Z[0m [32m INFO[0m tokio-runtime-worker ThreadId(08) [2msequencer/src/event_processor.rs[0m[2m:[0m[2m123:[0m Successfully sent event to proof generator
[2m2025-02-05T12:05:00.925198Z[0m [32m INFO[0m tokio-runtime-worker ThreadId(08) [2msequencer/src/proof_generator.rs[0m[2m:[0m[2m66:[0m Queued event for batch processing: type=ExtensionSupply
[2m2025-02-05T12:05:07.191496Z[0m [34mDEBUG[0m tokio-runtime-worker ThreadId(11) [2msequencer/src/proof_generator.rs[0m[2m:[0m[2m225:[0m Starting batch proof generation for 2 source chains at Instant { tv_sec: 617282, tv_nsec: 702112405 }
[2m2025-02-05T12:05:07.191663Z[0m [34mDEBUG[0m tokio-runtime-worker ThreadId(11) [2msequencer/src/proof_generator.rs[0m[2m:[0m[2m278:[0m Starting proof generation attempt for markets=[[0x8ef9d2057fed09fd18cbf393d789c6507cd3e875], [0x8ef9d2057fed09fd18cbf393d789c6507cd3e875]], src_chains=[59141, 11155420], dst_chains=[[11155420], [59141]]
[2m2025-02-05T12:05:07.512183Z[0m [32m INFO[0m tokio-runtime-worker ThreadId(28) [2m/home/ubuntu/.cargo/git/checkouts/risc0-ethereum-998b5f97ae0f99d6/3c1fd2a/steel/src/host/builder.rs[0m[2m:[0m[2m199:[0m Environment initialized with block 23477283 (0x29db88dccbb66ef6efc6624757c09ab138a7919ea068c797dbed88b63c80b602)    
[2m2025-02-05T12:05:07.512306Z[0m [32m INFO[0m tokio-runtime-worker ThreadId(28) [2m/home/ubuntu/.cargo/git/checkouts/risc0-ethereum-998b5f97ae0f99d6/3c1fd2a/steel/src/contract.rs[0m[2m:[0m[2m212:[0m Executing preflight calling 'aggregate3((address,bool,bytes)[])' on 0xcA11bde05977b3631167028862bE2a173976CA11    
[2m2025-02-05T12:05:07.558139Z[0m [32m INFO[0m tokio-runtime-worker ThreadId(18) [2m/home/ubuntu/.cargo/git/checkouts/risc0-ethereum-998b5f97ae0f99d6/3c1fd2a/steel/src/host/builder.rs[0m[2m:[0m[2m199:[0m Environment initialized with block 8982654 (0x3055d6c0e18ce5bda407c70a474edbf29bd1ebc30af14f57f9bac2a922c0def2)    
[2m2025-02-05T12:05:07.935132Z[0m [32m INFO[0m tokio-runtime-worker ThreadId(25) [2m/home/ubuntu/.cargo/git/checkouts/risc0-ethereum-998b5f97ae0f99d6/3c1fd2a/steel/src/host/builder.rs[0m[2m:[0m[2m199:[0m Environment initialized with block 8982654 (0x3055d6c0e18ce5bda407c70a474edbf29bd1ebc30af14f57f9bac2a922c0def2)    
[2m2025-02-05T12:05:07.935413Z[0m [32m INFO[0m tokio-runtime-worker ThreadId(25) [2m/home/ubuntu/.cargo/git/checkouts/risc0-ethereum-998b5f97ae0f99d6/3c1fd2a/steel/src/contract.rs[0m[2m:[0m[2m212:[0m Executing preflight calling 'aggregate3((address,bool,bytes)[])' on 0xcA11bde05977b3631167028862bE2a173976CA11    
[2m2025-02-05T12:05:08.331806Z[0m [34mDEBUG[0m tokio-runtime-worker ThreadId(11) [2msequencer/src/event_listener.rs[0m[2m:[0m[2m74:[0m Received event on chain 59141 for market 0x8ef9d2057fed09fd18cbf393d789c6507cd3e875
[2m2025-02-05T12:05:08.332116Z[0m [34mDEBUG[0m tokio-runtime-worker ThreadId(11) [2msequencer/src/event_processor.rs[0m[2m:[0m[2m77:[0m Processing event from chain 59141 for market 0x8ef9d2057fed09fd18cbf393d789c6507cd3e875
[2m2025-02-05T12:05:08.332402Z[0m [34mDEBUG[0m tokio-runtime-worker ThreadId(11) [2msequencer/src/event_processor.rs[0m[2m:[0m[2m153:[0m Processing event with tx_hash: 03a8b41b461518679d3f2e92a4184ca371c0ffd975a1f0807bbe0fd6c8416f03
[2m2025-02-05T12:05:08.332568Z[0m [32m INFO[0m tokio-runtime-worker ThreadId(11) [2msequencer/src/event_processor.rs[0m[2m:[0m[2m92:[0m Processed host withdraw: sender=0x2693946791da99da78ac441aba6d5ce2bccd96d3 dst_chain=11155420 amount=1000 market=0x8ef9d2057fed09fd18cbf393d789c6507cd3e875
[2m2025-02-05T12:05:08.332720Z[0m [32m INFO[0m tokio-runtime-worker ThreadId(11) [2msequencer/src/event_processor.rs[0m[2m:[0m[2m111:[0m Attempting to send processed event to proof generator: type=HostWithdraw
[2m2025-02-05T12:05:08.332826Z[0m [32m INFO[0m tokio-runtime-worker ThreadId(11) [2msequencer/src/event_processor.rs[0m[2m:[0m[2m123:[0m Successfully sent event to proof generator
[2m2025-02-05T12:05:08.332954Z[0m [32m INFO[0m tokio-runtime-worker ThreadId(11) [2msequencer/src/proof_generator.rs[0m[2m:[0m[2m66:[0m Queued event for batch processing: type=HostWithdraw
[2m2025-02-05T12:05:37.191887Z[0m [34mDEBUG[0m tokio-runtime-worker ThreadId(08) [2msequencer/src/proof_generator.rs[0m[2m:[0m[2m225:[0m Starting batch proof generation for 1 source chains at Instant { tv_sec: 617312, tv_nsec: 702523864 }
[2m2025-02-05T12:05:37.192063Z[0m [34mDEBUG[0m tokio-runtime-worker ThreadId(08) [2msequencer/src/proof_generator.rs[0m[2m:[0m[2m278:[0m Starting proof generation attempt for markets=[[0x8ef9d2057fed09fd18cbf393d789c6507cd3e875]], src_chains=[59141], dst_chains=[[11155420]]
[2m2025-02-05T12:05:37.500406Z[0m [32m INFO[0m tokio-runtime-worker ThreadId(42) [2m/home/ubuntu/.cargo/git/checkouts/risc0-ethereum-998b5f97ae0f99d6/3c1fd2a/steel/src/host/builder.rs[0m[2m:[0m[2m199:[0m Environment initialized with block 8982669 (0x40a7048c6a183fa337e857f092584c665374b9fd6151cd5304685cbdd081308c)    
[2m2025-02-05T12:05:37.838597Z[0m [32m INFO[0m tokio-runtime-worker ThreadId(42) [2m/home/ubuntu/.cargo/git/checkouts/risc0-ethereum-998b5f97ae0f99d6/3c1fd2a/steel/src/host/builder.rs[0m[2m:[0m[2m199:[0m Environment initialized with block 8982669 (0x40a7048c6a183fa337e857f092584c665374b9fd6151cd5304685cbdd081308c)    
[2m2025-02-05T12:05:37.838882Z[0m [32m INFO[0m tokio-runtime-worker ThreadId(42) [2m/home/ubuntu/.cargo/git/checkouts/risc0-ethereum-998b5f97ae0f99d6/3c1fd2a/steel/src/contract.rs[0m[2m:[0m[2m212:[0m Executing preflight calling 'aggregate3((address,bool,bytes)[])' on 0xcA11bde05977b3631167028862bE2a173976CA11    
[2m2025-02-05T12:05:44.726374Z[0m [32m INFO[0m tokio-runtime-worker ThreadId(08) [2msequencer/src/proof_generator.rs[0m[2m:[0m[2m291:[0m Successfully generated proof data
[2m2025-02-05T12:05:44.726416Z[0m [34mDEBUG[0m tokio-runtime-worker ThreadId(08) [2msequencer/src/proof_generator.rs[0m[2m:[0m[2m295:[0m Successfully encoded seal
[2m2025-02-05T12:05:44.726430Z[0m [32m INFO[0m tokio-runtime-worker ThreadId(08) [2msequencer/src/proof_generator.rs[0m[2m:[0m[2m305:[0m Generated proof - journal size: 448, seal size: 260
[2m2025-02-05T12:05:44.726477Z[0m [34mDEBUG[0m tokio-runtime-worker ThreadId(08) [2msequencer/src/proof_generator.rs[0m[2m:[0m[2m309:[0m Proof details - journal: 0x00000000000000000000000000000000000000000000000000000000000000200000000000000000000000000000000000000000000000000000000000000002000000000000000000000000000000000000000000000000000000000000004000000000000000000000000000000000000000000000000000000000000000e000000000000000000000000000000000000000000000000000000000000000702693946791da99da78ac441aba6d5ce2bccd96d38ef9d2057fed09fd18cbf393d789c6507cd3e87500000000000000000000000000000000000000000000000000000000425ea96000000000000000000000000000000000000000000000000000000000000465000000e70500aa37dc0000000000000000000000000000000000000000000000000000000000000000000000000000000000000000000000702693946791da99da78ac441aba6d5ce2bccd96d38ef9d2057fed09fd18cbf393d789c6507cd3e8750000000000000000000000000000000000000000000000000000000042971e800000000000000000000000000000000000000000000000000000000000040b2800aa37dc0000e70500000000000000000000000000000000, seal: 0xc101b42b0f236adaee82697c5bb7676fb88d2ab0b8afb10d277a39684ad1c5852813c3de2f5ce706f62a7a4e528ad824e8f6473125ade40fdc7d398c64b9feaba07299de18b4d112045042ec06a44c0459a5cb6e9a651fb58ae141b432f1d0e257a6c9e21b3a42ba50ab125952af1cb3a5b4b226cf3ecd5b472222f750bbbf10ce368b510c4ff9670212b341e733710d2ed62bdf25a43017c0cc8e24e0d0fbbf2573d3762eb619fd598d10a680c8346d21eabe6ea05de8ab409349ce0672333dc994c07d05480ae1cb14aa5fd1512118d613d40175f6eeaa68364fa2db7ac788d6820bba194f3c9ac88380cc02884969dd9f176702b3775512053b1a58201c3507990264
[2m2025-02-05T12:05:44.726495Z[0m [34mDEBUG[0m tokio-runtime-worker ThreadId(08) [2msequencer/src/proof_generator.rs[0m[2m:[0m[2m241:[0m Batch proof generation completed in 37535ms
[2m2025-02-05T12:05:44.726663Z[0m [32m INFO[0m tokio-runtime-worker ThreadId(08) [2msequencer/src/proof_generator.rs[0m[2m:[0m[2m92:[0m Successfully generated proofs for 2 events
[2m2025-02-05T12:05:44.741296Z[0m [32m INFO[0m tokio-runtime-worker ThreadId(11) [2msequencer/src/transaction_manager.rs[0m[2m:[0m[2m264:[0m Broadcasting batch transaction for chain 11155420 starting at index 0: journal_size=448, seal_size=260, markets=[0x8ef9d2057fed09fd18cbf393d789c6507cd3e875], tx_count=1
[2m2025-02-05T12:05:44.741296Z[0m [32m INFO[0m tokio-runtime-worker ThreadId(08) [2msequencer/src/transaction_manager.rs[0m[2m:[0m[2m264:[0m Broadcasting batch transaction for chain 59141 starting at index 1: journal_size=448, seal_size=260, markets=[0x8ef9d2057fed09fd18cbf393d789c6507cd3e875], tx_count=1
[2m2025-02-05T12:05:44.900400Z[0m [34mDEBUG[0m tokio-runtime-worker ThreadId(02) [2msequencer/src/transaction_manager.rs[0m[2m:[0m[2m285:[0m Estimated gas: 358217, using gas limit: 537325
[2m2025-02-05T12:05:44.918044Z[0m [34mDEBUG[0m tokio-runtime-worker ThreadId(02) [2msequencer/src/transaction_manager.rs[0m[2m:[0m[2m285:[0m Estimated gas: 432563, using gas limit: 648844
[2m2025-02-05T12:05:45.477947Z[0m [32m INFO[0m tokio-runtime-worker ThreadId(11) [2msequencer/src/transaction_manager.rs[0m[2m:[0m[2m306:[0m Batch transaction sent with hash 0x26db848367cf9fe09290e6ffead8a85258f666c03fd3cd0f01f3c611490c2ca7
[2m2025-02-05T12:05:45.842745Z[0m [32m INFO[0m tokio-runtime-worker ThreadId(11) [2msequencer/src/transaction_manager.rs[0m[2m:[0m[2m306:[0m Batch transaction sent with hash 0x85530bd372a91b5d247a10663d48a74e24458d84185f87e7d24f31cb5a4f845c
[2m2025-02-05T12:05:52.878495Z[0m [32m INFO[0m tokio-runtime-worker ThreadId(10) [2msequencer/src/transaction_manager.rs[0m[2m:[0m[2m310:[0m Batch transaction confirmed with hash 0x26db848367cf9fe09290e6ffead8a85258f666c03fd3cd0f01f3c611490c2ca7
[2m2025-02-05T12:05:53.003585Z[0m [32m INFO[0m tokio-runtime-worker ThreadId(08) [2msequencer/src/transaction_manager.rs[0m[2m:[0m[2m100:[0m Batch transaction submitted successfully for chain 11155420: 0x26db848367cf9fe09290e6ffead8a85258f666c03fd3cd0f01f3c611490c2ca7 (indices 0-1)
[2m2025-02-05T12:05:53.721865Z[0m [32m INFO[0m tokio-runtime-worker ThreadId(10) [2msequencer/src/transaction_manager.rs[0m[2m:[0m[2m310:[0m Batch transaction confirmed with hash 0x85530bd372a91b5d247a10663d48a74e24458d84185f87e7d24f31cb5a4f845c
[2m2025-02-05T12:05:53.871383Z[0m [32m INFO[0m tokio-runtime-worker ThreadId(10) [2msequencer/src/transaction_manager.rs[0m[2m:[0m[2m135:[0m Batch transaction submitted successfully for chain 59141: 0x85530bd372a91b5d247a10663d48a74e24458d84185f87e7d24f31cb5a4f845c (indices 1-2)
[2m2025-02-05T12:06:10.627769Z[0m [32m INFO[0m tokio-runtime-worker ThreadId(10) [2msequencer/src/proof_generator.rs[0m[2m:[0m[2m291:[0m Successfully generated proof data
[2m2025-02-05T12:06:10.627816Z[0m [34mDEBUG[0m tokio-runtime-worker ThreadId(10) [2msequencer/src/proof_generator.rs[0m[2m:[0m[2m295:[0m Successfully encoded seal
[2m2025-02-05T12:06:10.627831Z[0m [32m INFO[0m tokio-runtime-worker ThreadId(10) [2msequencer/src/proof_generator.rs[0m[2m:[0m[2m305:[0m Generated proof - journal size: 256, seal size: 260
[2m2025-02-05T12:06:10.627881Z[0m [34mDEBUG[0m tokio-runtime-worker ThreadId(10) [2msequencer/src/proof_generator.rs[0m[2m:[0m[2m309:[0m Proof details - journal: 0x00000000000000000000000000000000000000000000000000000000000000200000000000000000000000000000000000000000000000000000000000000001000000000000000000000000000000000000000000000000000000000000002000000000000000000000000000000000000000000000000000000000000000702693946791da99da78ac441aba6d5ce2bccd96d38ef9d2057fed09fd18cbf393d789c6507cd3e87500000000000000000000000000000000000000000000000000000000425ea96000000000000000000000000000000000000000000000000000000000000468e80000e70500aa37dc00000000000000000000000000000000, seal: 0xc101b42b05af6d02a5c7df7673b2535703f5fc6fda584f1d5ef31e0c1754c8bcbb71d7772604f5090c2ae6c09c592ffcba707f6037baebfd1166a8c3eb6072f19ac1b60b169acb8f2c6f0409a31b66335350629e06a698242da97bcb7f9c98b9f0900897205bfe5dcb274e89af576faf609c652b8c99cce6bd467f63d913c00b642ce6610cd52f5cae8efdece1384b46b7ec36424834d4fbfca52901a486fa82d62d041b0b06767001ff7bd6f54bed82afe43236881236737844339c1b38b3f1efa22a3b058ea83e16f46085407d2114a1db869b70fced54786bfa8a4d471dfc761305370a85f2fa4526ba43cb5e0a9e48fcabee447040c31936e1bfa364aac4cf2d6210
[2m2025-02-05T12:06:10.627901Z[0m [34mDEBUG[0m tokio-runtime-worker ThreadId(10) [2msequencer/src/proof_generator.rs[0m[2m:[0m[2m241:[0m Batch proof generation completed in 33436ms
[2m2025-02-05T12:06:10.627985Z[0m [32m INFO[0m tokio-runtime-worker ThreadId(10) [2msequencer/src/proof_generator.rs[0m[2m:[0m[2m92:[0m Successfully generated proofs for 1 events
[2m2025-02-05T12:06:10.636007Z[0m [32m INFO[0m tokio-runtime-worker ThreadId(10) [2msequencer/src/transaction_manager.rs[0m[2m:[0m[2m264:[0m Broadcasting batch transaction for chain 11155420 starting at index 0: journal_size=256, seal_size=260, markets=[0x8ef9d2057fed09fd18cbf393d789c6507cd3e875], tx_count=1
[2m2025-02-05T12:06:10.816735Z[0m [34mDEBUG[0m tokio-runtime-worker ThreadId(08) [2msequencer/src/transaction_manager.rs[0m[2m:[0m[2m285:[0m Estimated gas: 356257, using gas limit: 534385
[2m2025-02-05T12:06:11.575402Z[0m [32m INFO[0m tokio-runtime-worker ThreadId(02) [2msequencer/src/transaction_manager.rs[0m[2m:[0m[2m306:[0m Batch transaction sent with hash 0xd469ed52fe682472ff669ed9e38f19a2b2988671cde5b0d671df01dbd5e8c06b
[2m2025-02-05T12:06:18.696828Z[0m [32m INFO[0m tokio-runtime-worker ThreadId(10) [2msequencer/src/transaction_manager.rs[0m[2m:[0m[2m310:[0m Batch transaction confirmed with hash 0xd469ed52fe682472ff669ed9e38f19a2b2988671cde5b0d671df01dbd5e8c06b
[2m2025-02-05T12:06:18.865052Z[0m [32m INFO[0m tokio-runtime-worker ThreadId(10) [2msequencer/src/transaction_manager.rs[0m[2m:[0m[2m135:[0m Batch transaction submitted successfully for chain 11155420: 0xd469ed52fe682472ff669ed9e38f19a2b2988671cde5b0d671df01dbd5e8c06b (indices 0-1)
